<?xml version="1.0" encoding="UTF-8"?>
<!-- Generated by org.testng.reporters.JUnitReportReporter -->
<testsuite hostname="DESKTOP-OBP08OP" failures="0" tests="3" name="SQL.TestCaseSQL.DataBase" time="0.160" errors="0" timestamp="2025-05-25T23:34:33 GMT+03:00" skipped="1">
  <testcase classname="SQL.TestCaseSQL.DataBase" name="UpdetDataBase" time="0.020"/>
  <testcase classname="SQL.TestCaseSQL.DataBase" name="ReadtDataBase" time="0.140"/>
  <testcase classname="SQL.TestCaseSQL.DataBase" name="InsertTheDataBase">
    <skipped/>
  </testcase> <!-- InsertTheDataBase -->
</testsuite> <!-- SQL.TestCaseSQL.DataBase -->
